[INFO] Scanning for projects...
[INFO] 
[INFO] -----------------------< com.nisa:itsm-backend >------------------------
[INFO] Building itsm-backend 0.0.1-SNAPSHOT
[INFO]   from pom.xml
[INFO] --------------------------------[ jar ]---------------------------------
[INFO] 
[INFO] >>> spring-boot:3.3.11:run (default-cli) > test-compile @ itsm-backend >>>
[INFO] 
[INFO] --- resources:3.3.1:resources (default-resources) @ itsm-backend ---
[INFO] Copying 1 resource from src/main/resources to target/classes
[INFO] Copying 28 resources from src/main/resources to target/classes
[INFO] 
[INFO] --- compiler:3.13.0:compile (default-compile) @ itsm-backend ---
[INFO] Nothing to compile - all classes are up to date.
[INFO] 
[INFO] --- resources:3.3.1:testResources (default-testResources) @ itsm-backend ---
[INFO] skip non existing resourceDirectory /Users/elifnisatosun/Desktop/Toyota-ITSM-Project/itsm-backend/src/test/resources
[INFO] 
[INFO] --- compiler:3.13.0:testCompile (default-testCompile) @ itsm-backend ---
[INFO] Nothing to compile - all classes are up to date.
[INFO] 
[INFO] <<< spring-boot:3.3.11:run (default-cli) < test-compile @ itsm-backend <<<
[INFO] 
[INFO] 
[INFO] --- spring-boot:3.3.11:run (default-cli) @ itsm-backend ---
[INFO] Attaching agents: []

  .   ____          _            __ _ _
 /\\ / ___'_ __ _ _(_)_ __  __ _ \ \ \ \
( ( )\___ | '_ | '_| | '_ \/ _` | \ \ \ \
 \\/  ___)| |_)| | | | | || (_| |  ) ) ) )
  '  |____| .__|_| |_|_| |_\__, | / / / /
 =========|_|==============|___/=/_/_/_/

 :: Spring Boot ::               (v3.3.11)

2026-05-08T01:28:39.921+03:00  INFO 65272 --- [itsm-backend] [           main] com.nisa.itsm.ItsmBackendApplication     : Starting ItsmBackendApplication using Java 21.0.10 with PID 65272 (/Users/elifnisatosun/Desktop/Toyota-ITSM-Project/itsm-backend/target/classes started by elifnisatosun in /Users/elifnisatosun/Desktop/Toyota-ITSM-Project/itsm-backend)
2026-05-08T01:28:39.923+03:00  INFO 65272 --- [itsm-backend] [           main] com.nisa.itsm.ItsmBackendApplication     : No active profile set, falling back to 1 default profile: "default"
2026-05-08T01:28:40.341+03:00  INFO 65272 --- [itsm-backend] [           main] .s.d.r.c.RepositoryConfigurationDelegate : Bootstrapping Spring Data JPA repositories in DEFAULT mode.
2026-05-08T01:28:40.382+03:00  INFO 65272 --- [itsm-backend] [           main] .s.d.r.c.RepositoryConfigurationDelegate : Finished Spring Data repository scanning in 37 ms. Found 11 JPA repository interfaces.
2026-05-08T01:28:40.769+03:00  INFO 65272 --- [itsm-backend] [           main] o.s.b.w.embedded.tomcat.TomcatWebServer  : Tomcat initialized with port 8080 (http)
2026-05-08T01:28:40.777+03:00  INFO 65272 --- [itsm-backend] [           main] o.apache.catalina.core.StandardService   : Starting service [Tomcat]
2026-05-08T01:28:40.777+03:00  INFO 65272 --- [itsm-backend] [           main] o.apache.catalina.core.StandardEngine    : Starting Servlet engine: [Apache Tomcat/10.1.40]
2026-05-08T01:28:40.803+03:00  INFO 65272 --- [itsm-backend] [           main] o.a.c.c.C.[Tomcat].[localhost].[/]       : Initializing Spring embedded WebApplicationContext
2026-05-08T01:28:40.804+03:00  INFO 65272 --- [itsm-backend] [           main] w.s.c.ServletWebServerApplicationContext : Root WebApplicationContext: initialization completed in 863 ms
2026-05-08T01:28:40.942+03:00  INFO 65272 --- [itsm-backend] [           main] com.zaxxer.hikari.HikariDataSource       : HikariPool-1 - Starting...
2026-05-08T01:28:41.002+03:00  INFO 65272 --- [itsm-backend] [           main] com.zaxxer.hikari.pool.HikariPool        : HikariPool-1 - Added connection org.postgresql.jdbc.PgConnection@63187d63
2026-05-08T01:28:41.002+03:00  INFO 65272 --- [itsm-backend] [           main] com.zaxxer.hikari.HikariDataSource       : HikariPool-1 - Start completed.
2026-05-08T01:28:41.020+03:00  INFO 65272 --- [itsm-backend] [           main] org.flywaydb.core.FlywayExecutor         : Database: jdbc:postgresql://localhost:5432/itsm_db (PostgreSQL 16.13)
2026-05-08T01:28:41.052+03:00  WARN 65272 --- [itsm-backend] [           main] ConfigServletWebServerApplicationContext : Exception encountered during context initialization - cancelling refresh attempt: org.springframework.beans.factory.BeanCreationException: Error creating bean with name 'entityManagerFactory' defined in class path resource [org/springframework/boot/autoconfigure/orm/jpa/HibernateJpaConfiguration.class]: Failed to initialize dependency 'flywayInitializer' of LoadTimeWeaverAware bean 'entityManagerFactory': Error creating bean with name 'flywayInitializer' defined in class path resource [org/springframework/boot/autoconfigure/flyway/FlywayAutoConfiguration$FlywayConfiguration.class]: Found more than one migration with version 23
Offenders:
-> /Users/elifnisatosun/Desktop/Toyota-ITSM-Project/itsm-backend/target/classes/db/migration/V23__create_workflow_history_table.sql (SQL)
-> /Users/elifnisatosun/Desktop/Toyota-ITSM-Project/itsm-backend/target/classes/db/migration/V23__add_old_new_values_to_audit_logs.sql (SQL)
2026-05-08T01:28:41.052+03:00  INFO 65272 --- [itsm-backend] [           main] com.zaxxer.hikari.HikariDataSource       : HikariPool-1 - Shutdown initiated...
2026-05-08T01:28:41.054+03:00  INFO 65272 --- [itsm-backend] [           main] com.zaxxer.hikari.HikariDataSource       : HikariPool-1 - Shutdown completed.
2026-05-08T01:28:41.055+03:00  INFO 65272 --- [itsm-backend] [           main] o.apache.catalina.core.StandardService   : Stopping service [Tomcat]
2026-05-08T01:28:41.061+03:00  INFO 65272 --- [itsm-backend] [           main] .s.b.a.l.ConditionEvaluationReportLogger : 

Error starting ApplicationContext. To display the condition evaluation report re-run your application with 'debug' enabled.
2026-05-08T01:28:41.069+03:00 ERROR 65272 --- [itsm-backend] [           main] o.s.boot.SpringApplication               : Application run failed

org.springframework.beans.factory.BeanCreationException: Error creating bean with name 'entityManagerFactory' defined in class path resource [org/springframework/boot/autoconfigure/orm/jpa/HibernateJpaConfiguration.class]: Failed to initialize dependency 'flywayInitializer' of LoadTimeWeaverAware bean 'entityManagerFactory': Error creating bean with name 'flywayInitializer' defined in class path resource [org/springframework/boot/autoconfigure/flyway/FlywayAutoConfiguration$FlywayConfiguration.class]: Found more than one migration with version 23
Offenders:
-> /Users/elifnisatosun/Desktop/Toyota-ITSM-Project/itsm-backend/target/classes/db/migration/V23__create_workflow_history_table.sql (SQL)
-> /Users/elifnisatosun/Desktop/Toyota-ITSM-Project/itsm-backend/target/classes/db/migration/V23__add_old_new_values_to_audit_logs.sql (SQL)
	at org.springframework.beans.factory.support.AbstractBeanFactory.doGetBean(AbstractBeanFactory.java:326) ~[spring-beans-6.1.19.jar:6.1.19]
	at org.springframework.beans.factory.support.AbstractBeanFactory.getBean(AbstractBeanFactory.java:205) ~[spring-beans-6.1.19.jar:6.1.19]
	at org.springframework.context.support.AbstractApplicationContext.finishBeanFactoryInitialization(AbstractApplicationContext.java:954) ~[spring-context-6.1.19.jar:6.1.19]
	at org.springframework.context.support.AbstractApplicationContext.refresh(AbstractApplicationContext.java:625) ~[spring-context-6.1.19.jar:6.1.19]
	at org.springframework.boot.web.servlet.context.ServletWebServerApplicationContext.refresh(ServletWebServerApplicationContext.java:146) ~[spring-boot-3.3.11.jar:3.3.11]
	at org.springframework.boot.SpringApplication.refresh(SpringApplication.java:755) ~[spring-boot-3.3.11.jar:3.3.11]
	at org.springframework.boot.SpringApplication.refreshContext(SpringApplication.java:456) ~[spring-boot-3.3.11.jar:3.3.11]
	at org.springframework.boot.SpringApplication.run(SpringApplication.java:335) ~[spring-boot-3.3.11.jar:3.3.11]
	at org.springframework.boot.SpringApplication.run(SpringApplication.java:1364) ~[spring-boot-3.3.11.jar:3.3.11]
	at org.springframework.boot.SpringApplication.run(SpringApplication.java:1353) ~[spring-boot-3.3.11.jar:3.3.11]
	at com.nisa.itsm.ItsmBackendApplication.main(ItsmBackendApplication.java:12) ~[classes/:na]
Caused by: org.springframework.beans.factory.BeanCreationException: Error creating bean with name 'flywayInitializer' defined in class path resource [org/springframework/boot/autoconfigure/flyway/FlywayAutoConfiguration$FlywayConfiguration.class]: Found more than one migration with version 23
Offenders:
-> /Users/elifnisatosun/Desktop/Toyota-ITSM-Project/itsm-backend/target/classes/db/migration/V23__create_workflow_history_table.sql (SQL)
-> /Users/elifnisatosun/Desktop/Toyota-ITSM-Project/itsm-backend/target/classes/db/migration/V23__add_old_new_values_to_audit_logs.sql (SQL)
	at org.springframework.beans.factory.support.AbstractAutowireCapableBeanFactory.initializeBean(AbstractAutowireCapableBeanFactory.java:1806) ~[spring-beans-6.1.19.jar:6.1.19]
	at org.springframework.beans.factory.support.AbstractAutowireCapableBeanFactory.doCreateBean(AbstractAutowireCapableBeanFactory.java:600) ~[spring-beans-6.1.19.jar:6.1.19]
	at org.springframework.beans.factory.support.AbstractAutowireCapableBeanFactory.createBean(AbstractAutowireCapableBeanFactory.java:522) ~[spring-beans-6.1.19.jar:6.1.19]
	at org.springframework.beans.factory.support.AbstractBeanFactory.lambda$doGetBean$0(AbstractBeanFactory.java:337) ~[spring-beans-6.1.19.jar:6.1.19]
	at org.springframework.beans.factory.support.DefaultSingletonBeanRegistry.getSingleton(DefaultSingletonBeanRegistry.java:234) ~[spring-beans-6.1.19.jar:6.1.19]
	at org.springframework.beans.factory.support.AbstractBeanFactory.doGetBean(AbstractBeanFactory.java:335) ~[spring-beans-6.1.19.jar:6.1.19]
	at org.springframework.beans.factory.support.AbstractBeanFactory.getBean(AbstractBeanFactory.java:200) ~[spring-beans-6.1.19.jar:6.1.19]
	at org.springframework.beans.factory.support.AbstractBeanFactory.doGetBean(AbstractBeanFactory.java:313) ~[spring-beans-6.1.19.jar:6.1.19]
	... 10 common frames omitted
Caused by: org.flywaydb.core.api.FlywayException: Found more than one migration with version 23
Offenders:
-> /Users/elifnisatosun/Desktop/Toyota-ITSM-Project/itsm-backend/target/classes/db/migration/V23__create_workflow_history_table.sql (SQL)
-> /Users/elifnisatosun/Desktop/Toyota-ITSM-Project/itsm-backend/target/classes/db/migration/V23__add_old_new_values_to_audit_logs.sql (SQL)
	at org.flywaydb.core.internal.resolver.CompositeMigrationResolver.checkForIncompatibilities(CompositeMigrationResolver.java:92) ~[flyway-core-10.20.1.jar:na]
	at org.flywaydb.core.internal.resolver.CompositeMigrationResolver.doFindAvailableMigrations(CompositeMigrationResolver.java:125) ~[flyway-core-10.20.1.jar:na]
	at org.flywaydb.core.internal.resolver.CompositeMigrationResolver.resolveMigrations(CompositeMigrationResolver.java:112) ~[flyway-core-10.20.1.jar:na]
	at org.flywaydb.core.internal.resolver.CompositeMigrationResolver.resolveMigrations(CompositeMigrationResolver.java:118) ~[flyway-core-10.20.1.jar:na]
	at org.flywaydb.core.internal.info.MigrationInfoServiceImpl.refresh(MigrationInfoServiceImpl.java:86) ~[flyway-core-10.20.1.jar:na]
	at org.flywaydb.core.internal.command.DbValidate.lambda$validate$0(DbValidate.java:112) ~[flyway-core-10.20.1.jar:na]
	at org.flywaydb.core.internal.jdbc.TransactionalExecutionTemplate.execute(TransactionalExecutionTemplate.java:59) ~[flyway-core-10.20.1.jar:na]
	at org.flywaydb.core.internal.command.DbValidate.validate(DbValidate.java:105) ~[flyway-core-10.20.1.jar:na]
	at org.flywaydb.core.Flyway.doValidate(Flyway.java:493) ~[flyway-core-10.20.1.jar:na]
	at org.flywaydb.core.Flyway.lambda$migrate$1(Flyway.java:187) ~[flyway-core-10.20.1.jar:na]
	at org.flywaydb.core.FlywayExecutor.execute(FlywayExecutor.java:213) ~[flyway-core-10.20.1.jar:na]
	at org.flywaydb.core.Flyway.migrate(Flyway.java:176) ~[flyway-core-10.20.1.jar:na]
	at org.springframework.boot.autoconfigure.flyway.FlywayMigrationInitializer.afterPropertiesSet(FlywayMigrationInitializer.java:66) ~[spring-boot-autoconfigure-3.3.11.jar:3.3.11]
	at org.springframework.beans.factory.support.AbstractAutowireCapableBeanFactory.invokeInitMethods(AbstractAutowireCapableBeanFactory.java:1853) ~[spring-beans-6.1.19.jar:6.1.19]
	at org.springframework.beans.factory.support.AbstractAutowireCapableBeanFactory.initializeBean(AbstractAutowireCapableBeanFactory.java:1802) ~[spring-beans-6.1.19.jar:6.1.19]
	... 17 common frames omitted

[INFO] ------------------------------------------------------------------------
[INFO] BUILD FAILURE
[INFO] ------------------------------------------------------------------------
[INFO] Total time:  2.505 s
[INFO] Finished at: 2026-05-08T01:28:41+03:00
[INFO] ------------------------------------------------------------------------
[ERROR] Failed to execute goal org.springframework.boot:spring-boot-maven-plugin:3.3.11:run (default-cli) on project itsm-backend: Process terminated with exit code: 1 -> [Help 1]
[ERROR] 
[ERROR] To see the full stack trace of the errors, re-run Maven with the -e switch.
[ERROR] Re-run Maven using the -X switch to enable full debug logging.
[ERROR] 
[ERROR] For more information about the errors and possible solutions, please read the following articles:
[ERROR] [Help 1] http://cwiki.apache.org/confluence/display/MAVEN/MojoExecutionException
